<?xml version="1.0" encoding="UTF-8" ?>
<testsuite 
errors="0" failures="0" hostname="Ferrans-MacBook-Pro.local" name="org.scalatest.tools.DiscoverySuite" tests="0" time="0.061" timestamp="2019-07-03T02:47:24">
  <properties>
    <property name="java.runtime.name" value="Java(TM) SE Runtime Environment">
    </property>
    <property 
    name="sun.boot.library.path" value="/Library/Java/JavaVirtualMachines/jdk1.8.0_151.jdk/Contents/Home/jre/lib">
</property>
    <property name="java.vm.version" value="25.151-b12"/>
    <property name="gopherProxySet" value="false"/>
    <property name="java.vm.vendor" value="Oracle Corporation"/>
    <property name="java.vendor.url" value="http://java.oracle.com/"/>
    <property name="path.separator" value=":"/>
    <property name="java.vm.name" value="Java HotSpot(TM) 64-Bit Server VM"/>
    <property name="file.encoding.pkg" value="sun.io"/>
    <property name="user.country" value="GB"/>
    <property name="sun.java.launcher" value="SUN_STANDARD"/>
    <property name="sun.os.patch.level" value="unknown"/>
    <property 
    name="java.vm.specification.name" value="Java Virtual Machine Specification">
</property>
    <property 
    name="user.dir" value="/Users/ferran/Documents/Ferran/Work/Interviews/Elliptic/codingChallenge/crypto-analytics">
</property>
    <property name="java.runtime.version" value="1.8.0_151-b12"/>
    <property name="java.awt.graphicsenv" value="sun.awt.CGraphicsEnvironment">
    </property>
    <property 
    name="java.endorsed.dirs" value="/Library/Java/JavaVirtualMachines/jdk1.8.0_151.jdk/Contents/Home/jre/lib/endorsed">
</property>
    <property name="os.arch" value="x86_64"/>
    <property 
    name="java.io.tmpdir" value="/var/folders/xd/hbgdb14x6kd_07c5skcyjznc0000gn/T/">
</property>
    <property name="line.separator" value=" "/>
    <property name="java.vm.specification.vendor" value="Oracle Corporation"/>
    <property name="user.variant" value=""/>
    <property name="os.name" value="Mac OS X"/>
    <property name="sun.jnu.encoding" value="UTF-8"/>
    <property 
    name="java.library.path" value="/Users/ferran/Library/Java/Extensions:/Library/Java/Extensions:/Network/Library/Java/Extensions:/System/Library/Java/Extensions:/usr/lib/java:.">
</property>
    <property 
    name="java.specification.name" value="Java Platform API Specification">
</property>
    <property name="java.class.version" value="52.0"/>
    <property 
    name="sun.management.compiler" value="HotSpot 64-Bit Tiered Compilers">
</property>
    <property name="os.version" value="10.14"/>
    <property 
    name="http.nonProxyHosts" value="local|*.local|169.254/16|*.169.254/16">
</property>
    <property name="user.home" value="/Users/ferran"/>
    <property name="user.timezone" value=""/>
    <property name="java.awt.printerjob" value="sun.lwawt.macosx.CPrinterJob"/>
    <property name="file.encoding" value="UTF-8"/>
    <property name="java.specification.version" value="1.8"/>
    <property name="user.name" value="ferran"/>
    <property 
    name="java.class.path" value="/Users/ferran/Documents/Ferran/Work/Interviews/Elliptic/codingChallenge/crypto-analytics/build/classes/java/test:/Users/ferran/Documents/Ferran/Work/Interviews/Elliptic/codingChallenge/crypto-analytics/build/classes/scala/test:/Users/ferran/Documents/Ferran/Work/Interviews/Elliptic/codingChallenge/crypto-analytics/build/resources/test:/Users/ferran/Documents/Ferran/Work/Interviews/Elliptic/codingChallenge/crypto-analytics/build/classes/java/main:/Users/ferran/Documents/Ferran/Work/Interviews/Elliptic/codingChallenge/crypto-analytics/build/classes/scala/main:/Users/ferran/Documents/Ferran/Work/Interviews/Elliptic/codingChallenge/crypto-analytics/build/resources/main:/Users/ferran/.gradle/caches/modules-2/files-2.1/org.scala-lang/scala-compiler/2.11.8/fe1285c9f7b58954c5ef6d80b59063569c065e9a/scala-compiler-2.11.8.jar:/Users/ferran/.gradle/caches/modules-2/files-2.1/org.http4s/http4s-dsl_2.11/0.18.23/ae429d85755744b8141419ebab44d2e7dea313bd/http4s-dsl_2.11-0.18.23.jar:/Users/ferran/.gradle/caches/modules-2/files-2.1/org.http4s/http4s-blaze-client_2.11/0.18.23/8383712b14d4f279059de1cfe5289240c71ea03a/http4s-blaze-client_2.11-0.18.23.jar:/Users/ferran/.gradle/caches/modules-2/files-2.1/org.http4s/http4s-blaze-server_2.11/0.18.23/bfbda188cb6bde2aa934afc323b819ab73041c10/http4s-blaze-server_2.11-0.18.23.jar:/Users/ferran/.gradle/caches/modules-2/files-2.1/org.http4s/http4s-circe_2.11/0.18.23/402b5c827dd1876e1f80153fa718e5ec042c94f/http4s-circe_2.11-0.18.23.jar:/Users/ferran/.gradle/caches/modules-2/files-2.1/com.sksamuel.elastic4s/elastic4s-circe_2.11/6.3.3/ba24be4096e280e20e27a4879f90beac3b4950ab/elastic4s-circe_2.11-6.3.3.jar:/Users/ferran/.gradle/caches/modules-2/files-2.1/io.circe/circe-generic_2.11/0.9.3/c7c8912433df73ac3ccab53d7d4ef2492464a0af/circe-generic_2.11-0.9.3.jar:/Users/ferran/.gradle/caches/modules-2/files-2.1/io.circe/circe-literal_2.11/0.9.3/62784e8af80fcf3d5091c74c5401e6ea9d743111/circe-literal_2.11-0.9.3.jar:/Users/ferran/.gradle/caches/modules-2/files-2.1/io.circe/circe-parser_2.11/0.9.3/55e29b4c8f9f380acc2d4fd572fd05e71de121af/circe-parser_2.11-0.9.3.jar:/Users/ferran/.gradle/caches/modules-2/files-2.1/com.sksamuel.elastic4s/elastic4s-testkit_2.11/6.3.3/20f4124ed6d198550490e894e0cf391f5d323f68/elastic4s-testkit_2.11-6.3.3.jar:/Users/ferran/.gradle/caches/modules-2/files-2.1/org.scalatest/scalatest_2.11/3.0.5/986921d9a4dafec38c0ba0a858f1e2a916cd2358/scalatest_2.11-3.0.5.jar:/Users/ferran/.gradle/caches/modules-2/files-2.1/com.sksamuel.elastic4s/elastic4s-http-streams_2.11/6.3.3/384e8ead1308eb46d5ecb1fc68f82b850b52b6c7/elastic4s-http-streams_2.11-6.3.3.jar:/Users/ferran/.gradle/caches/modules-2/files-2.1/com.sksamuel.elastic4s/elastic4s-embedded_2.11/6.3.3/686aa84ec5d23e6804c27ddd98927da5216c2470/elastic4s-embedded_2.11-6.3.3.jar:/Users/ferran/.gradle/caches/modules-2/files-2.1/com.sksamuel.elastic4s/elastic4s-http_2.11/6.3.3/c45a11f058a23fa1242501b3c450e3114020294d/elastic4s-http_2.11-6.3.3.jar:/Users/ferran/.gradle/caches/modules-2/files-2.1/com.sksamuel.elastic4s/elastic4s-core_2.11/6.3.3/8bda2aae2ada02c3a4f48e5d3867ca25cce0afa4/elastic4s-core_2.11-6.3.3.jar:/Users/ferran/.gradle/caches/modules-2/files-2.1/org.scala-lang.modules/scala-parser-combinators_2.11/1.0.4/7369d653bcfa95d321994660477a4d7e81d7f490/scala-parser-combinators_2.11-1.0.4.jar:/Users/ferran/.gradle/caches/modules-2/files-2.1/org.http4s/http4s-blaze-core_2.11/0.18.23/883e3d0639dcbd97d8d03f5240671df57f84091b/http4s-blaze-core_2.11-0.18.23.jar:/Users/ferran/.gradle/caches/modules-2/files-2.1/org.http4s/http4s-client_2.11/0.18.23/4dfe180c8ebbc8eadd785467f3e799f57a70a036/http4s-client_2.11-0.18.23.jar:/Users/ferran/.gradle/caches/modules-2/files-2.1/org.http4s/http4s-server_2.11/0.18.23/79fbdefe9d1d628a6db593d493d7f7ba87aee04b/http4s-server_2.11-0.18.23.jar:/Users/ferran/.gradle/caches/modules-2/files-2.1/org.http4s/http4s-jawn_2.11/0.18.23/b6fadcd96f9087b2ea591d90f85ec7377e7361d2/http4s-jawn_2.11-0.18.23.jar:/Users/ferran/.gradle/caches/modules-2/files-2.1/org.http4s/http4s-core_2.11/0.18.23/1b3333ce3c162cb64b2e84d9744813ca3481330d/http4s-core_2.11-0.18.23.jar:/Users/ferran/.gradle/caches/modules-2/files-2.1/io.circe/circe-jawn_2.11/0.9.3/5d4329cb6ff6f9bf84d94e005331f46a05a90163/circe-jawn_2.11-0.9.3.jar:/Users/ferran/.gradle/caches/modules-2/files-2.1/io.circe/circe-core_2.11/0.9.3/38db926d606039fd01c052daee7a3c8a343705fa/circe-core_2.11-0.9.3.jar:/Users/ferran/.gradle/caches/modules-2/files-2.1/com.chuusai/shapeless_2.11/2.3.3/ea34d4b6128b9090386945dcb952816bd9e87ce2/shapeless_2.11-2.3.3.jar:/Users/ferran/.gradle/caches/modules-2/files-2.1/org.typelevel/macro-compat_2.11/1.1.1/cb87cb74fd5fb118fede3f98075c2044616b35d/macro-compat_2.11-1.1.1.jar:/Users/ferran/.gradle/caches/modules-2/files-2.1/org.scalactic/scalactic_2.11/3.0.5/84f9454a7ceaa2b05a5ef36a15b9a332c5a1c697/scalactic_2.11-3.0.5.jar:/Users/ferran/.gradle/caches/modules-2/files-2.1/com.sksamuel.exts/exts_2.11/1.60.0/2ca3d8222f60d69bc61804b8c900fb3d509c526/exts_2.11-1.60.0.jar:/Users/ferran/.gradle/caches/modules-2/files-2.1/com.fasterxml.jackson.module/jackson-module-scala_2.11/2.9.6/c728f0eb9dee2f205b98f2852b8234926e61064c/jackson-module-scala_2.11-2.9.6.jar:/Users/ferran/.gradle/caches/modules-2/files-2.1/co.fs2/fs2-io_2.11/0.10.6/9df63ce12eb25812fabf0bbe54e1b08290e1b437/fs2-io_2.11-0.10.6.jar:/Users/ferran/.gradle/caches/modules-2/files-2.1/co.fs2/fs2-scodec_2.11/0.10.6/10aa3f23371cd04fead261dcedcf0c1ef35645bf/fs2-scodec_2.11-0.10.6.jar:/Users/ferran/.gradle/caches/modules-2/files-2.1/org.http4s/jawn-fs2_2.11/0.12.2/fb458f43b4e24f954b6c22febd9a33062b8b33fa/jawn-fs2_2.11-0.12.2.jar:/Users/ferran/.gradle/caches/modules-2/files-2.1/co.fs2/fs2-core_2.11/0.10.6/d0eacc97f97bf560bc444acceb20764fc817ba33/fs2-core_2.11-0.10.6.jar:/Users/ferran/.gradle/caches/modules-2/files-2.1/org.typelevel/cats-effect_2.11/0.10.1/c3ab4e3d6e18ce641d5a5e17d1e38ab0b328b660/cats-effect_2.11-0.10.1.jar:/Users/ferran/.gradle/caches/modules-2/files-2.1/org.typelevel/cats-core_2.11/1.6.0/383d78162eafac02b5ac298f56d5a4cd89950aef/cats-core_2.11-1.6.0.jar:/Users/ferran/.gradle/caches/modules-2/files-2.1/org.typelevel/cats-macros_2.11/1.6.0/eb04f8e85d649d7ec0af83de21cc2e402d0f342d/cats-macros_2.11-1.6.0.jar:/Users/ferran/.gradle/caches/modules-2/files-2.1/org.typelevel/machinist_2.11/0.6.6/13dfcae400def30a1476b219a46343fc8c18d662/machinist_2.11-0.6.6.jar:/Users/ferran/.gradle/caches/modules-2/files-2.1/org.scala-lang/scala-reflect/2.11.12/2bb23c13c527566d9828107ca4108be2a2c06f01/scala-reflect-2.11.12.jar:/Users/ferran/.gradle/caches/modules-2/files-2.1/org.http4s/blaze-http_2.11/0.12.13/448473b80e93bc6bcff97a7ad1ee77decbd478ec/blaze-http_2.11-0.12.13.jar:/Users/ferran/.gradle/caches/modules-2/files-2.1/org.scala-lang.modules/scala-xml_2.11/1.0.6/4ebd108453e6455351c0ec50d32509ae1154fdb1/scala-xml_2.11-1.0.6.jar:/Users/ferran/.gradle/caches/modules-2/files-2.1/com.typesafe.akka/akka-actor_2.11/2.5.13/f7fc7b7c1ff8f1e5b0c109ad37025bc209b3561d/akka-actor_2.11-2.5.13.jar:/Users/ferran/.gradle/caches/modules-2/files-2.1/org.http4s/http4s-websocket_2.11/0.2.1/b7a3cfa69c78d536254a1b9b9129677d1060c473/http4s-websocket_2.11-0.2.1.jar:/Users/ferran/.gradle/caches/modules-2/files-2.1/org.http4s/blaze-core_2.11/0.12.13/1442d8d790266d86e685f8966d3309dffef79f09/blaze-core_2.11-0.12.13.jar:/Users/ferran/.gradle/caches/modules-2/files-2.1/org.log4s/log4s_2.11/1.7.0/9d0c92fa9c11ed4f146399d86b434643ac833868/log4s_2.11-1.7.0.jar:/Users/ferran/.gradle/caches/modules-2/files-2.1/org.http4s/parboiled_2.11/1.0.1/f28cb4d02d43c5cc4183d9d9884fb2338dd2c403/parboiled_2.11-1.0.1.jar:/Users/ferran/.gradle/caches/modules-2/files-2.1/org.scodec/scodec-bits_2.11/1.1.9/b02c221ca502467dcd7240c2be7bcd626988362a/scodec-bits_2.11-1.1.9.jar:/Users/ferran/.gradle/caches/modules-2/files-2.1/org.spire-math/jawn-parser_2.11/0.11.1/ad6bd066b122f514a040e6a7e24f8448e309e41d/jawn-parser_2.11-0.11.1.jar:/Users/ferran/.gradle/caches/modules-2/files-2.1/io.circe/circe-numbers_2.11/0.9.3/bca36973eb5b69d109e8c3830442248f3ee26dc3/circe-numbers_2.11-0.9.3.jar:/Users/ferran/.gradle/caches/modules-2/files-2.1/org.scala-lang.modules/scala-java8-compat_2.11/0.7.0/a31b1b36bcf0d53657733b5d40c78d5f090a5dea/scala-java8-compat_2.11-0.7.0.jar:/Users/ferran/.gradle/caches/modules-2/files-2.1/org.typelevel/cats-kernel_2.11/1.6.0/8d57d8267726cff45844ed0229e82b8a5723b2c2/cats-kernel_2.11-1.6.0.jar:/Users/ferran/.gradle/caches/modules-2/files-2.1/org.scala-lang/scala-library/2.11.12/bf5534e6fec3d665bd6419c952a929a8bdd4b591/scala-library-2.11.12.jar:/Users/ferran/.gradle/caches/modules-2/files-2.1/junit/junit/4.12/2973d150c0dc1fefe998f834810d68f278ea58ec/junit-4.12.jar:/Users/ferran/.gradle/caches/modules-2/files-2.1/org.pegdown/pegdown/1.6.0/231ae49d913467deb2027d0b8a0b68b231deef4f/pegdown-1.6.0.jar:/Users/ferran/.gradle/caches/modules-2/files-2.1/org.slf4j/slf4j-api/1.7.25/da76ca59f6a57ee3102f8f9bd9cee742973efa8a/slf4j-api-1.7.25.jar:/Users/ferran/.gradle/caches/modules-2/files-2.1/org.elasticsearch.client/transport/6.3.0/c4b6f0676178168cc8a9f7fac7fa05c076f43e8d/transport-6.3.0.jar:/Users/ferran/.gradle/caches/modules-2/files-2.1/org.elasticsearch.plugin/reindex-client/6.3.0/dfb9b80d796ef6150ea30f6e4613540c14165841/reindex-client-6.3.0.jar:/Users/ferran/.gradle/caches/modules-2/files-2.1/org.elasticsearch.client/elasticsearch-rest-client/6.3.0/a95ef38262ef499aa07cdb736f4a47cb19162654/elasticsearch-rest-client-6.3.0.jar:/Users/ferran/.gradle/caches/modules-2/files-2.1/com.fasterxml.jackson.module/jackson-module-paranamer/2.9.6/cafa3a01569735a965b4c25ec3ba40aa9118e405/jackson-module-paranamer-2.9.6.jar:/Users/ferran/.gradle/caches/modules-2/files-2.1/com.fasterxml.jackson.core/jackson-databind/2.9.6/cfa4f316351a91bfd95cb0644c6a2c95f52db1fc/jackson-databind-2.9.6.jar:/Users/ferran/.gradle/caches/modules-2/files-2.1/org.elasticsearch/elasticsearch/6.3.0/a623a03d29b985923e6e5555442ed3c75051c947/elasticsearch-6.3.0.jar:/Users/ferran/.gradle/caches/modules-2/files-2.1/org.elasticsearch/elasticsearch-x-content/6.3.0/89ec79239c67eb82159ce217c305f26b175cb81b/elasticsearch-x-content-6.3.0.jar:/Users/ferran/.gradle/caches/modules-2/files-2.1/com.fasterxml.jackson.dataformat/jackson-dataformat-smile/2.9.6/3b5afd355921c359e365accaa60f7f30709e35e7/jackson-dataformat-smile-2.9.6.jar:/Users/ferran/.gradle/caches/modules-2/files-2.1/com.fasterxml.jackson.dataformat/jackson-dataformat-cbor/2.9.6/2bf7323658396d1fd4d75fc1fc5126acbfc216ad/jackson-dataformat-cbor-2.9.6.jar:/Users/ferran/.gradle/caches/modules-2/files-2.1/com.fasterxml.jackson.core/jackson-core/2.9.6/4e393793c37c77e042ccc7be5a914ae39251b365/jackson-core-2.9.6.jar:/Users/ferran/.gradle/caches/modules-2/files-2.1/org.reactivestreams/reactive-streams/1.0.2/323964c36556eb0e6209f65c1cef72b53b461ab8/reactive-streams-1.0.2.jar:/Users/ferran/.gradle/caches/modules-2/files-2.1/joda-time/joda-time/2.9.9/f7b520c458572890807d143670c9b24f4de90897/joda-time-2.9.9.jar:/Users/ferran/.gradle/caches/modules-2/files-2.1/com.carrotsearch/hppc/0.7.1/8b5057f74ea378c0150a1860874a3ebdcb713767/hppc-0.7.1.jar:/Users/ferran/.gradle/caches/modules-2/files-2.1/org.hamcrest/hamcrest-core/1.3/42a25dc3219429f0e5d060061f71acb49bf010a0/hamcrest-core-1.3.jar:/Users/ferran/.gradle/caches/modules-2/files-2.1/org.parboiled/parboiled-java/1.1.7/2298c64ce8ee8e2fb37e97e16d7be52f0c7cf61f/parboiled-java-1.1.7.jar:/Users/ferran/.gradle/caches/modules-2/files-2.1/com.typesafe/config/1.3.2/d6ac0ce079f114adce620f2360c92a70b2cb36dc/config-1.3.2.jar:/Users/ferran/.gradle/caches/modules-2/files-2.1/org.apache.httpcomponents/httpclient/4.5.2/733db77aa8d9b2d68015189df76ab06304406e50/httpclient-4.5.2.jar:/Users/ferran/.gradle/caches/modules-2/files-2.1/org.apache.httpcomponents/httpcore/4.4.5/e7501a1b34325abb00d17dde96150604a0658b54/httpcore-4.4.5.jar:/Users/ferran/.gradle/caches/modules-2/files-2.1/org.apache.httpcomponents/httpasyncclient/4.1.2/95aa3e6fb520191a0970a73cf09f62948ee614be/httpasyncclient-4.1.2.jar:/Users/ferran/.gradle/caches/modules-2/files-2.1/org.apache.httpcomponents/httpcore-nio/4.4.5/f4be009e7505f6ceddf21e7960c759f413f15056/httpcore-nio-4.4.5.jar:/Users/ferran/.gradle/caches/modules-2/files-2.1/commons-codec/commons-codec/1.10/4b95f4897fa13f2cd904aee711aeafc0c5295cd8/commons-codec-1.10.jar:/Users/ferran/.gradle/caches/modules-2/files-2.1/commons-logging/commons-logging/1.1.3/f6f66e966c70a83ffbdb6f17a0919eaf7c8aca7f/commons-logging-1.1.3.jar:/Users/ferran/.gradle/caches/modules-2/files-2.1/com.fasterxml.jackson.core/jackson-annotations/2.9.6/6a0f0f154edaba00067772ce02e24f8c0973d84c/jackson-annotations-2.9.6.jar:/Users/ferran/.gradle/caches/modules-2/files-2.1/org.elasticsearch/elasticsearch-cli/6.3.0/9e31f69ba3b3d4175c12ce811412655e3b8f589/elasticsearch-cli-6.3.0.jar:/Users/ferran/.gradle/caches/modules-2/files-2.1/org.elasticsearch/elasticsearch-core/6.3.0/dfc0ff7bf650bcfa0d2b9c71ed20fdc43b405ac0/elasticsearch-core-6.3.0.jar:/Users/ferran/.gradle/caches/modules-2/files-2.1/org.elasticsearch/elasticsearch-secure-sm/6.3.0/60fb2937581e923c171e34bd260377bd63455fbb/elasticsearch-secure-sm-6.3.0.jar:/Users/ferran/.gradle/caches/modules-2/files-2.1/org.apache.lucene/lucene-core/7.3.1/ce76b4aef66ffe0830afefb2b347028a4fc9eb36/lucene-core-7.3.1.jar:/Users/ferran/.gradle/caches/modules-2/files-2.1/org.apache.lucene/lucene-analyzers-common/7.3.1/51b62b22f4193bfa386f5ca0c978c68821a12bc0/lucene-analyzers-common-7.3.1.jar:/Users/ferran/.gradle/caches/modules-2/files-2.1/org.apache.lucene/lucene-backward-codecs/7.3.1/c9bded879284d12b66eb8df112b6f69078616bb6/lucene-backward-codecs-7.3.1.jar:/Users/ferran/.gradle/caches/modules-2/files-2.1/org.apache.lucene/lucene-grouping/7.3.1/ebb5344ee066bbb6031164dcf4e690d5a4ea62a5/lucene-grouping-7.3.1.jar:/Users/ferran/.gradle/caches/modules-2/files-2.1/org.apache.lucene/lucene-highlighter/7.3.1/1e945c65876a1eab97a5db40e92c981c5a65915/lucene-highlighter-7.3.1.jar:/Users/ferran/.gradle/caches/modules-2/files-2.1/org.apache.lucene/lucene-join/7.3.1/e866b2c36555cff48f31a427efbfd52466418504/lucene-join-7.3.1.jar:/Users/ferran/.gradle/caches/modules-2/files-2.1/org.apache.lucene/lucene-memory/7.3.1/12b7520cfb0c83d4d9e4efde6ad1812693f91acd/lucene-memory-7.3.1.jar:/Users/ferran/.gradle/caches/modules-2/files-2.1/org.apache.lucene/lucene-misc/7.3.1/2ce12b8828f29c8e5dd9eeef05333705befc9342/lucene-misc-7.3.1.jar:/Users/ferran/.gradle/caches/modules-2/files-2.1/org.apache.lucene/lucene-queries/7.3.1/d531efe427da6cb41a9aa52854be4dd241227a19/lucene-queries-7.3.1.jar:/Users/ferran/.gradle/caches/modules-2/files-2.1/org.apache.lucene/lucene-queryparser/7.3.1/51e4cde15df3ab4534a6407598cfb5c7ce7d21ac/lucene-queryparser-7.3.1.jar:/Users/ferran/.gradle/caches/modules-2/files-2.1/org.apache.lucene/lucene-sandbox/7.3.1/ba8c7a91cf3d74d7f5e6f91e6842c6e857bd73c5/lucene-sandbox-7.3.1.jar:/Users/ferran/.gradle/caches/modules-2/files-2.1/org.apache.lucene/lucene-spatial/7.3.1/6e5fb097fdb41f1817c748e4b1d4e6b9bb6e92ec/lucene-spatial-7.3.1.jar:/Users/ferran/.gradle/caches/modules-2/files-2.1/org.apache.lucene/lucene-spatial-extras/7.3.1/7ff14f7c7b8e2fb7259e925949f51122cbc873c4/lucene-spatial-extras-7.3.1.jar:/Users/ferran/.gradle/caches/modules-2/files-2.1/org.apache.lucene/lucene-spatial3d/7.3.1/db59b01557dd4abb1a469d857e2a96b3c3aa6365/lucene-spatial3d-7.3.1.jar:/Users/ferran/.gradle/caches/modules-2/files-2.1/org.apache.lucene/lucene-suggest/7.3.1/5255e5bec27f078ca89cdc44b9614e3295b51607/lucene-suggest-7.3.1.jar:/Users/ferran/.gradle/caches/modules-2/files-2.1/com.tdunning/t-digest/3.2/2ab94758b0276a8a26102adf8d528cf6d0567b9a/t-digest-3.2.jar:/Users/ferran/.gradle/caches/modules-2/files-2.1/org.hdrhistogram/HdrHistogram/2.1.9/e4631ce165eb400edecfa32e03d3f1be53dee754/HdrHistogram-2.1.9.jar:/Users/ferran/.gradle/caches/modules-2/files-2.1/org.apache.logging.log4j/log4j-api/2.9.1/7a2999229464e7a324aa503c0a52ec0f05efe7bd/log4j-api-2.9.1.jar:/Users/ferran/.gradle/caches/modules-2/files-2.1/org.elasticsearch/jna/4.5.1/da10908ae23dc59b19dc258e63aea1c44621dc3a/jna-4.5.1.jar:/Users/ferran/.gradle/caches/modules-2/files-2.1/org.elasticsearch.plugin/transport-netty4-client/6.3.0/7a4fe3a34c0490abb992614e2e3d784525e26bd/transport-netty4-client-6.3.0.jar:/Users/ferran/.gradle/caches/modules-2/files-2.1/org.elasticsearch.plugin/lang-mustache-client/6.3.0/420ed61e19767664ae08a368a9c6181d5a9a92ce/lang-mustache-client-6.3.0.jar:/Users/ferran/.gradle/caches/modules-2/files-2.1/org.elasticsearch.plugin/percolator-client/6.3.0/704536c230316585ce9ca301b469af0ef89fdffb/percolator-client-6.3.0.jar:/Users/ferran/.gradle/caches/modules-2/files-2.1/org.elasticsearch.plugin/parent-join-client/6.3.0/6f2f5fb43898269bc75939e4f26febdf6f93b4ca/parent-join-client-6.3.0.jar:/Users/ferran/.gradle/caches/modules-2/files-2.1/org.elasticsearch.plugin/rank-eval-client/6.3.0/35cb1ee7685d48300e2a9492ca20efea619f4106/rank-eval-client-6.3.0.jar:/Users/ferran/.gradle/caches/modules-2/files-2.1/org.parboiled/parboiled-core/1.1.7/a60ff9a54cbeb30ec44c89e16ac4c35913cbad5a/parboiled-core-1.1.7.jar:/Users/ferran/.gradle/caches/modules-2/files-2.1/org.ow2.asm/asm-analysis/5.0.3/c7126aded0e8e13fed5f913559a0dd7b770a10f3/asm-analysis-5.0.3.jar:/Users/ferran/.gradle/caches/modules-2/files-2.1/org.ow2.asm/asm-util/5.0.3/1512e5571325854b05fb1efce1db75fcced54389/asm-util-5.0.3.jar:/Users/ferran/.gradle/caches/modules-2/files-2.1/org.ow2.asm/asm-tree/5.0.3/287749b48ba7162fb67c93a026d690b29f410bed/asm-tree-5.0.3.jar:/Users/ferran/.gradle/caches/modules-2/files-2.1/org.ow2.asm/asm/5.0.3/dcc2193db20e19e1feca8b1240dbbc4e190824fa/asm-5.0.3.jar:/Users/ferran/.gradle/caches/modules-2/files-2.1/com.twitter/hpack/1.0.2/67ae8c061a3446e64015712a3aa39d0218340046/hpack-1.0.2.jar:/Users/ferran/.gradle/caches/modules-2/files-2.1/org.eclipse.jetty.alpn/alpn-api/1.1.3.v20160715/a1bf3a937f91b4c953acd13e8c9552347adc2198/alpn-api-1.1.3.v20160715.jar:/Users/ferran/.gradle/caches/modules-2/files-2.1/com.thoughtworks.paranamer/paranamer/2.8/619eba74c19ccf1da8ebec97a2d7f8ba05773dd6/paranamer-2.8.jar:/Users/ferran/.gradle/caches/modules-2/files-2.1/org.yaml/snakeyaml/1.17/7a27ea250c5130b2922b86dea63cbb1cc10a660c/snakeyaml-1.17.jar:/Users/ferran/.gradle/caches/modules-2/files-2.1/com.fasterxml.jackson.dataformat/jackson-dataformat-yaml/2.8.10/1e08caf1d787c825307d8cc6362452086020d853/jackson-dataformat-yaml-2.8.10.jar:/Users/ferran/.gradle/caches/modules-2/files-2.1/net.sf.jopt-simple/jopt-simple/5.0.2/98cafc6081d5632b61be2c9e60650b64ddbc637c/jopt-simple-5.0.2.jar:/Users/ferran/.gradle/caches/modules-2/files-2.1/io.netty/netty-buffer/4.1.16.Final/63b5fa95c74785e16f2c30ce268bc222e35c8cb5/netty-buffer-4.1.16.Final.jar:/Users/ferran/.gradle/caches/modules-2/files-2.1/io.netty/netty-codec/4.1.16.Final/d84a1f21768b7309c2954521cf5a1f46c2309eb1/netty-codec-4.1.16.Final.jar:/Users/ferran/.gradle/caches/modules-2/files-2.1/io.netty/netty-codec-http/4.1.16.Final/d64312378b438dfdad84267c599a053327c6f02a/netty-codec-http-4.1.16.Final.jar:/Users/ferran/.gradle/caches/modules-2/files-2.1/io.netty/netty-common/4.1.16.Final/177a6b30cca92f6f5f9873c9befd681377a4c328/netty-common-4.1.16.Final.jar:/Users/ferran/.gradle/caches/modules-2/files-2.1/io.netty/netty-handler/4.1.16.Final/fec0e63e7dd7f4eeef7ea8dc47a1ff32dfc7ebc2/netty-handler-4.1.16.Final.jar:/Users/ferran/.gradle/caches/modules-2/files-2.1/io.netty/netty-resolver/4.1.16.Final/f6eb553b53fb3a90a8ac1170697093fed82eae28/netty-resolver-4.1.16.Final.jar:/Users/ferran/.gradle/caches/modules-2/files-2.1/io.netty/netty-transport/4.1.16.Final/3c8ee2c4d4a1cbb947a5c184c7aeb2204260958b/netty-transport-4.1.16.Final.jar:/Users/ferran/.gradle/caches/modules-2/files-2.1/com.github.spullara.mustache.java/compiler/0.9.3/2815e016c63bec4f18704ea4f5489106a5b01a99/compiler-0.9.3.jar">
</property>
    <property name="java.vm.specification.version" value="1.8"/>
    <property name="sun.arch.data.model" value="64"/>
    <property 
    name="java.home" value="/Library/Java/JavaVirtualMachines/jdk1.8.0_151.jdk/Contents/Home/jre">
</property>
    <property 
    name="sun.java.command" value="org.scalatest.tools.Runner -oDS -PS1 -R /Users/ferran/Documents/Ferran/Work/Interviews/Elliptic/codingChallenge/crypto-analytics/build/classes/java/test -R /Users/ferran/Documents/Ferran/Work/Interviews/Elliptic/codingChallenge/crypto-analytics/build/classes/scala/test -u /Users/ferran/Documents/Ferran/Work/Interviews/Elliptic/codingChallenge/crypto-analytics/build/test-results/test -h /Users/ferran/Documents/Ferran/Work/Interviews/Elliptic/codingChallenge/crypto-analytics/build/reports/tests/test">
</property>
    <property name="java.specification.vendor" value="Oracle Corporation"/>
    <property name="user.language" value="en"/>
    <property name="awt.toolkit" value="sun.lwawt.macosx.LWCToolkit"/>
    <property name="java.vm.info" value="mixed mode"/>
    <property name="java.version" value="1.8.0_151"/>
    <property 
    name="java.ext.dirs" value="/Users/ferran/Library/Java/Extensions:/Library/Java/JavaVirtualMachines/jdk1.8.0_151.jdk/Contents/Home/jre/lib/ext:/Library/Java/Extensions:/Network/Library/Java/Extensions:/System/Library/Java/Extensions:/usr/lib/java">
</property>
    <property 
    name="sun.boot.class.path" value="/Library/Java/JavaVirtualMachines/jdk1.8.0_151.jdk/Contents/Home/jre/lib/resources.jar:/Library/Java/JavaVirtualMachines/jdk1.8.0_151.jdk/Contents/Home/jre/lib/rt.jar:/Library/Java/JavaVirtualMachines/jdk1.8.0_151.jdk/Contents/Home/jre/lib/sunrsasign.jar:/Library/Java/JavaVirtualMachines/jdk1.8.0_151.jdk/Contents/Home/jre/lib/jsse.jar:/Library/Java/JavaVirtualMachines/jdk1.8.0_151.jdk/Contents/Home/jre/lib/jce.jar:/Library/Java/JavaVirtualMachines/jdk1.8.0_151.jdk/Contents/Home/jre/lib/charsets.jar:/Library/Java/JavaVirtualMachines/jdk1.8.0_151.jdk/Contents/Home/jre/lib/jfr.jar:/Library/Java/JavaVirtualMachines/jdk1.8.0_151.jdk/Contents/Home/jre/classes">
</property>
    <property name="java.vendor" value="Oracle Corporation"/>
    <property name="file.separator" value="/"/>
    <property 
    name="java.vendor.url.bug" value="http://bugreport.sun.com/bugreport/">
</property>
    <property name="sun.cpu.endian" value="little"/>
    <property name="sun.io.unicode.encoding" value="UnicodeBig"/>
    <property 
    name="socksNonProxyHosts" value="local|*.local|169.254/16|*.169.254/16">
</property>
    <property 
    name="ftp.nonProxyHosts" value="local|*.local|169.254/16|*.169.254/16">
</property>
    <property name="sun.cpu.isalist" value=""/>
  </properties>
  <system-out><![CDATA[]]></system-out>
  <system-err><![CDATA[]]></system-err>
</testsuite>
